<?xml version="1.0" encoding="UTF-8"?>
<!-- Generated by org.testng.reporters.JUnitReportReporter -->
<testsuite hostname="Seenivasan" failures="0" tests="1" name="Org.Extent.SampleextentReport" time="0.589" errors="0" timestamp="2025-01-04T08:16:44 CET" skipped="0">
  <testcase classname="Org.Extent.SampleextentReport" name="tc1" time="0.589"/>
  <system-out/>
</testsuite> <!-- Org.Extent.SampleextentReport -->
