<?xml version="1.0" encoding="UTF-8"?>
<!-- Generated by org.testng.reporters.JUnitReportReporter -->
<testsuite hostname="Seenivasan" failures="0" tests="1" name="suiteC.TestClassC" time="1.022" errors="0" timestamp="2025-01-05T14:22:12 CET" skipped="0">
  <testcase classname="suiteC.TestClassC" name="testC" time="1.022"/>
  <system-out/>
</testsuite> <!-- suiteC.TestClassC -->
