<?xml version="1.0" encoding="UTF-8"?>
<!-- Generated by org.testng.reporters.JUnitReportReporter -->
<testsuite hostname="Seenivasan" failures="0" tests="2" name="suiteA.TestClassAA" time="2.058" errors="0" timestamp="2025-01-05T14:24:01 CET" skipped="0">
  <testcase classname="suiteA.TestClassAA" name="testAA" time="1.027"/>
  <system-out/>
  <testcase classname="suiteA.TestClassAA" name="testAA" time="1.031"/>
  <system-out/>
</testsuite> <!-- suiteA.TestClassAA -->
