<?xml version="1.0" encoding="UTF-8"?>
<!-- Generated by org.testng.reporters.JUnitReportReporter -->
<testsuite hostname="Seenivasan" failures="0" tests="2" name="suiteB.TestClassB" time="2.396" errors="0" timestamp="2025-01-05T14:25:23 CET" skipped="0">
  <testcase classname="suiteB.TestClassB" name="testB" time="1.194"/>
  <system-out/>
  <testcase classname="suiteB.TestClassB" name="testB" time="1.202"/>
  <system-out/>
</testsuite> <!-- suiteB.TestClassB -->
