<?xml version="1.0" encoding="UTF-8"?>
<!-- Generated by org.testng.reporters.JUnitReportReporter -->
<testsuite hostname="Seenivasan" failures="0" tests="2" name="suiteB.TestClassBB" time="2.049" errors="0" timestamp="2025-01-05T14:22:12 CET" skipped="0">
  <testcase classname="suiteB.TestClassBB" name="testBB" time="1.027"/>
  <system-out/>
  <testcase classname="suiteB.TestClassBB" name="testBB" time="1.022"/>
  <system-out/>
</testsuite> <!-- suiteB.TestClassBB -->
